<?xml version="1.0" encoding="UTF-8"?>
<!-- Generated by org.testng.reporters.JUnitXMLReporter -->
<testsuite hostname="Sujan" ignored="0" name="Validation of logging functionality" tests="2" failures="0" timestamp="2022-03-13T19:03:47 IST" time="43.374" errors="0">
  <testcase name="basePageNavigation" time="1.365" classname="seleniumframework.HomePage"/>
  <testcase name="basePageNavigation" time="1.226" classname="seleniumframework.HomePage"/>
</testsuite> <!-- Validation of logging functionality -->
