<?xml version="1.0" encoding="UTF-8"?>
<!-- Generated by org.testng.reporters.JUnitXMLReporter -->
<testsuite hostname="Sujan" ignored="0" name="Validation of logging functionality" tests="2" failures="0" timestamp="2022-03-13T20:51:34 IST" time="114.661" errors="0">
  <testcase name="basePageNavigation" time="1.696" classname="seleniumframework.HomePage"/>
  <testcase name="basePageNavigation" time="1.939" classname="seleniumframework.HomePage"/>
</testsuite> <!-- Validation of logging functionality -->
